[2022-08-26 09:15:09]-[INFO]-Start getFileListScheduler... - path : src/main/resources/files/inputList.txt
[2022-08-26 09:15:23]-[INFO]-[getFileListScheduler]-[Request Time : 2022-08-26 09:15:09]
[2022-08-26 09:15:23]-[INFO]-[getFileListScheduler]-[Response Time : 2022-08-26 09:15:23]
[2022-08-26 09:15:23]-[INFO]-[getFileListScheduler]-[Duration of Time : 100815000ns]
[2022-08-26 09:15:23]-[INFO]-Start writeValueInFile... - path : src/main/resources/files/inputList.txt
[2022-08-26 09:15:23]-[INFO]-Check value for writing... - a content : 2022-08-26 09:15|14|44|80144|50857|7303

[2022-08-26 09:15:23]-[INFO]-[writeValueInFile]-[Request Time : 2022-08-26 09:15:23]
[2022-08-26 09:15:23]-[INFO]-[writeValueInFile]-[Response Time : 2022-08-26 09:15:23]
[2022-08-26 09:15:23]-[INFO]-[writeValueInFile]-[Duration of Time : 714000ns]
[2022-08-26 09:15:23]-[INFO]-Start writeValueInFile... - path : src/main/resources/files/inputList.txt
[2022-08-26 09:15:23]-[INFO]-Check value for writing... - a content : 2022-08-26 09:15|3|14|98736|45107|27402

[2022-08-26 09:15:23]-[INFO]-[writeValueInFile]-[Request Time : 2022-08-26 09:15:23]
[2022-08-26 09:15:23]-[INFO]-[writeValueInFile]-[Response Time : 2022-08-26 09:15:23]
[2022-08-26 09:15:23]-[INFO]-[writeValueInFile]-[Duration of Time : 483000ns]
[2022-08-26 09:15:29]-[INFO]-Start writeValueInFile... - path : src/main/resources/files/inputList.txt
[2022-08-26 09:15:29]-[INFO]-Check value for writing... - a content : 2022-08-26 09:15|36|32|47643|14977|40045

[2022-08-26 09:15:29]-[INFO]-[writeValueInFile]-[Request Time : 2022-08-26 09:15:29]
[2022-08-26 09:15:29]-[INFO]-[writeValueInFile]-[Response Time : 2022-08-26 09:15:29]
[2022-08-26 09:15:29]-[INFO]-[writeValueInFile]-[Duration of Time : 738000ns]
[2022-08-26 09:15:39]-[INFO]-Start writeValueInFile... - path : src/main/resources/files/inputList.txt
[2022-08-26 09:15:39]-[INFO]-Check value for writing... - a content : 2022-08-26 09:15|27|53|14197|10681|36430

[2022-08-26 09:15:39]-[INFO]-[writeValueInFile]-[Request Time : 2022-08-26 09:15:39]
[2022-08-26 09:15:39]-[INFO]-[writeValueInFile]-[Response Time : 2022-08-26 09:15:39]
[2022-08-26 09:15:39]-[INFO]-[writeValueInFile]-[Duration of Time : 862000ns]
[2022-08-26 09:15:49]-[INFO]-Start writeValueInFile... - path : src/main/resources/files/inputList.txt
[2022-08-26 09:15:49]-[INFO]-Check value for writing... - a content : 2022-08-26 09:15|11|5|41747|98991|60173

[2022-08-26 09:15:49]-[INFO]-[writeValueInFile]-[Request Time : 2022-08-26 09:15:49]
[2022-08-26 09:15:49]-[INFO]-[writeValueInFile]-[Response Time : 2022-08-26 09:15:49]
[2022-08-26 09:15:49]-[INFO]-[writeValueInFile]-[Duration of Time : 709000ns]
[2022-08-26 09:15:59]-[INFO]-Start writeValueInFile... - path : src/main/resources/files/inputList.txt
[2022-08-26 09:15:59]-[INFO]-Check value for writing... - a content : 2022-08-26 09:15|87|26|18039|26723|72272

[2022-08-26 09:15:59]-[INFO]-[writeValueInFile]-[Request Time : 2022-08-26 09:15:59]
[2022-08-26 09:15:59]-[INFO]-[writeValueInFile]-[Response Time : 2022-08-26 09:15:59]
[2022-08-26 09:15:59]-[INFO]-[writeValueInFile]-[Duration of Time : 799000ns]
