[2022-08-26 08:39:06]-[INFO]-Start writeValueInFile... - path : src/main/resources/files/inputList.txt
[2022-08-26 08:39:06]-[INFO]-Check value for writing... - a content : 2022-08-26 08:39|91|89|72084|61840|85488

[2022-08-26 08:39:06]-[INFO]-[writeValueInFile]-[Request Time : 2022-08-26 08:39:06]
[2022-08-26 08:39:06]-[INFO]-[writeValueInFile]-[Response Time : 2022-08-26 08:39:06]
[2022-08-26 08:39:06]-[INFO]-[writeValueInFile]-[Duration of Time : 1869000ns]
[2022-08-26 08:39:06]-[INFO]-Start getFileListScheduler... - path : src/main/resources/files/inputList.txt
[2022-08-26 08:39:18]-[INFO]-[getFileListScheduler]-[Request Time : 2022-08-26 08:39:06]
[2022-08-26 08:39:18]-[INFO]-[getFileListScheduler]-[Response Time : 2022-08-26 08:39:18]
[2022-08-26 08:39:18]-[INFO]-[getFileListScheduler]-[Duration of Time : 119399000ns]
[2022-08-26 08:39:18]-[INFO]-Start writeValueInFile... - path : src/main/resources/files/inputList.txt
[2022-08-26 08:39:18]-[INFO]-Check value for writing... - a content : 2022-08-26 08:39|19|11|5384|94465|39089

[2022-08-26 08:39:18]-[INFO]-[writeValueInFile]-[Request Time : 2022-08-26 08:39:18]
[2022-08-26 08:39:18]-[INFO]-[writeValueInFile]-[Response Time : 2022-08-26 08:39:18]
[2022-08-26 08:39:18]-[INFO]-[writeValueInFile]-[Duration of Time : 413000ns]
[2022-08-26 08:39:26]-[INFO]-Start writeValueInFile... - path : src/main/resources/files/inputList.txt
[2022-08-26 08:39:26]-[INFO]-Check value for writing... - a content : 2022-08-26 08:39|92|40|81385|60269|56235

[2022-08-26 08:39:26]-[INFO]-[writeValueInFile]-[Request Time : 2022-08-26 08:39:26]
[2022-08-26 08:39:26]-[INFO]-[writeValueInFile]-[Response Time : 2022-08-26 08:39:26]
[2022-08-26 08:39:26]-[INFO]-[writeValueInFile]-[Duration of Time : 835000ns]
[2022-08-26 08:39:36]-[INFO]-Start writeValueInFile... - path : src/main/resources/files/inputList.txt
[2022-08-26 08:39:36]-[INFO]-Check value for writing... - a content : 2022-08-26 08:39|61|4|83801|13246|91972

[2022-08-26 08:39:36]-[INFO]-[writeValueInFile]-[Request Time : 2022-08-26 08:39:36]
[2022-08-26 08:39:36]-[INFO]-[writeValueInFile]-[Response Time : 2022-08-26 08:39:36]
[2022-08-26 08:39:36]-[INFO]-[writeValueInFile]-[Duration of Time : 513000ns]
[2022-08-26 08:39:46]-[INFO]-Start writeValueInFile... - path : src/main/resources/files/inputList.txt
[2022-08-26 08:39:46]-[INFO]-Check value for writing... - a content : 2022-08-26 08:39|37|88|86443|50104|27229

[2022-08-26 08:39:46]-[INFO]-[writeValueInFile]-[Request Time : 2022-08-26 08:39:46]
[2022-08-26 08:39:46]-[INFO]-[writeValueInFile]-[Response Time : 2022-08-26 08:39:46]
[2022-08-26 08:39:46]-[INFO]-[writeValueInFile]-[Duration of Time : 777000ns]
[2022-08-26 08:39:56]-[INFO]-Start writeValueInFile... - path : src/main/resources/files/inputList.txt
[2022-08-26 08:39:56]-[INFO]-Check value for writing... - a content : 2022-08-26 08:39|98|54|76910|47458|35222

[2022-08-26 08:39:56]-[INFO]-[writeValueInFile]-[Request Time : 2022-08-26 08:39:56]
[2022-08-26 08:39:56]-[INFO]-[writeValueInFile]-[Response Time : 2022-08-26 08:39:56]
[2022-08-26 08:39:56]-[INFO]-[writeValueInFile]-[Duration of Time : 479000ns]
